c:\users\carlos cordoba\source\repos\batalla-naval-6\battleship\battleship\x64\debug\vc142.pdb
c:\users\carlos cordoba\source\repos\batalla-naval-6\battleship\battleship\x64\debug\vc142.idb
c:\users\carlos cordoba\source\repos\batalla-naval-6\battleship\battleship\x64\debug\mapa.obj
c:\users\carlos cordoba\source\repos\batalla-naval-6\battleship\battleship\x64\debug\battleship.obj
c:\users\carlos cordoba\source\repos\batalla-naval-6\battleship\battleship\x64\debug\barco.obj
c:\users\carlos cordoba\source\repos\batalla-naval-6\battleship\battleship\x64\debug\humanplayer.obj
c:\users\carlos cordoba\source\repos\batalla-naval-6\battleship\battleship\x64\debug\computerplayer.obj
c:\users\carlos cordoba\source\repos\batalla-naval-6\battleship\battleship\x64\debug\celda.obj
c:\users\carlos cordoba\source\repos\batalla-naval-6\battleship\x64\debug\battleship.ilk
c:\users\carlos cordoba\source\repos\batalla-naval-6\battleship\x64\debug\battleship.exe
c:\users\carlos cordoba\source\repos\batalla-naval-6\battleship\x64\debug\battleship.pdb
c:\users\facun\source\repos\batalla-naval-6\battleship\battleship\x64\debug\barco.obj
c:\users\facun\source\repos\batalla-naval-6\battleship\battleship\x64\debug\battleship.obj
c:\users\facun\source\repos\batalla-naval-6\battleship\battleship\x64\debug\celda.obj
c:\users\facun\source\repos\batalla-naval-6\battleship\battleship\x64\debug\humanplayer.obj
c:\users\facun\source\repos\batalla-naval-6\battleship\battleship\x64\debug\mapa.obj
c:\users\facun\source\repos\batalla-naval-6\battleship\battleship\x64\debug\vc142.idb
c:\users\facun\source\repos\batalla-naval-6\battleship\battleship\x64\debug\vc142.pdb
c:\users\facun\source\repos\batalla-naval-6\battleship\battleship\x64\debug\battleship.tlog\cl.command.1.tlog
c:\users\facun\source\repos\batalla-naval-6\battleship\battleship\x64\debug\battleship.tlog\cl.read.1.tlog
c:\users\facun\source\repos\batalla-naval-6\battleship\battleship\x64\debug\battleship.tlog\cl.write.1.tlog
c:\users\facun\source\repos\batalla-naval-6\battleship\battleship\x64\debug\battleship.tlog\link.command.1.tlog
c:\users\facun\source\repos\batalla-naval-6\battleship\battleship\x64\debug\battleship.tlog\link.read.1.tlog
c:\users\facun\source\repos\batalla-naval-6\battleship\battleship\x64\debug\battleship.tlog\link.write.1.tlog
